<?xml version="1.0" encoding="UTF-8"?>
<testsuite name="com.appgate.calculator.AppgateCalculatorApiApplicationTests" tests="1" skipped="0" failures="0" errors="0" timestamp="2020-12-14T01:20:17" hostname="MacBook-Pro-de-Apple.local" time="0.014">
  <properties/>
  <testcase name="contextLoads()" classname="com.appgate.calculator.AppgateCalculatorApiApplicationTests" time="0.014"/>
  <system-out><![CDATA[20:20:12.680 [Test worker] DEBUG org.springframework.test.context.BootstrapUtils - Instantiating CacheAwareContextLoaderDelegate from class [org.springframework.test.context.cache.DefaultCacheAwareContextLoaderDelegate]
20:20:12.704 [Test worker] DEBUG org.springframework.test.context.BootstrapUtils - Instantiating BootstrapContext using constructor [public org.springframework.test.context.support.DefaultBootstrapContext(java.lang.Class,org.springframework.test.context.CacheAwareContextLoaderDelegate)]
20:20:12.769 [Test worker] DEBUG org.springframework.test.context.BootstrapUtils - Instantiating TestContextBootstrapper for test class [com.appgate.calculator.AppgateCalculatorApiApplicationTests] from class [org.springframework.boot.test.context.SpringBootTestContextBootstrapper]
20:20:12.788 [Test worker] INFO org.springframework.boot.test.context.SpringBootTestContextBootstrapper - Neither @ContextConfiguration nor @ContextHierarchy found for test class [com.appgate.calculator.AppgateCalculatorApiApplicationTests], using SpringBootContextLoader
20:20:12.794 [Test worker] DEBUG org.springframework.test.context.support.AbstractContextLoader - Did not detect default resource location for test class [com.appgate.calculator.AppgateCalculatorApiApplicationTests]: class path resource [com/appgate/calculator/AppgateCalculatorApiApplicationTests-context.xml] does not exist
20:20:12.795 [Test worker] DEBUG org.springframework.test.context.support.AbstractContextLoader - Did not detect default resource location for test class [com.appgate.calculator.AppgateCalculatorApiApplicationTests]: class path resource [com/appgate/calculator/AppgateCalculatorApiApplicationTestsContext.groovy] does not exist
20:20:12.796 [Test worker] INFO org.springframework.test.context.support.AbstractContextLoader - Could not detect default resource locations for test class [com.appgate.calculator.AppgateCalculatorApiApplicationTests]: no resource found for suffixes {-context.xml, Context.groovy}.
20:20:12.798 [Test worker] INFO org.springframework.test.context.support.AnnotationConfigContextLoaderUtils - Could not detect default configuration classes for test class [com.appgate.calculator.AppgateCalculatorApiApplicationTests]: AppgateCalculatorApiApplicationTests does not declare any static, non-private, non-final, nested classes annotated with @Configuration.
20:20:12.882 [Test worker] DEBUG org.springframework.test.context.support.ActiveProfilesUtils - Could not find an 'annotation declaring class' for annotation type [org.springframework.test.context.ActiveProfiles] and class [com.appgate.calculator.AppgateCalculatorApiApplicationTests]
20:20:12.971 [Test worker] DEBUG org.springframework.context.annotation.ClassPathScanningCandidateComponentProvider - Identified candidate component class: file [/Users/smileit/IT/Dev/git/appgate-calculator-api/build/classes/java/main/com/appgate/calculator/AppgateCalculatorApiApplication.class]
20:20:12.976 [Test worker] INFO org.springframework.boot.test.context.SpringBootTestContextBootstrapper - Found @SpringBootConfiguration com.appgate.calculator.AppgateCalculatorApiApplication for test class com.appgate.calculator.AppgateCalculatorApiApplicationTests
20:20:13.136 [Test worker] DEBUG org.springframework.boot.test.context.SpringBootTestContextBootstrapper - @TestExecutionListeners is not present for class [com.appgate.calculator.AppgateCalculatorApiApplicationTests]: using defaults.
20:20:13.137 [Test worker] INFO org.springframework.boot.test.context.SpringBootTestContextBootstrapper - Loaded default TestExecutionListener class names from location [META-INF/spring.factories]: [org.springframework.boot.test.autoconfigure.restdocs.RestDocsTestExecutionListener, org.springframework.boot.test.autoconfigure.web.client.MockRestServiceServerResetTestExecutionListener, org.springframework.boot.test.autoconfigure.web.servlet.MockMvcPrintOnlyOnFailureTestExecutionListener, org.springframework.boot.test.autoconfigure.web.servlet.WebDriverTestExecutionListener, org.springframework.boot.test.autoconfigure.webservices.client.MockWebServiceServerTestExecutionListener, org.springframework.boot.test.mock.mockito.MockitoTestExecutionListener, org.springframework.boot.test.mock.mockito.ResetMocksTestExecutionListener, org.springframework.test.context.web.ServletTestExecutionListener, org.springframework.test.context.support.DirtiesContextBeforeModesTestExecutionListener, org.springframework.test.context.support.DependencyInjectionTestExecutionListener, org.springframework.test.context.support.DirtiesContextTestExecutionListener, org.springframework.test.context.transaction.TransactionalTestExecutionListener, org.springframework.test.context.jdbc.SqlScriptsTestExecutionListener, org.springframework.test.context.event.EventPublishingTestExecutionListener]
20:20:13.155 [Test worker] DEBUG org.springframework.boot.test.context.SpringBootTestContextBootstrapper - Skipping candidate TestExecutionListener [org.springframework.test.context.transaction.TransactionalTestExecutionListener] due to a missing dependency. Specify custom listener classes or make the default listener classes and their required dependencies available. Offending class: [org/springframework/transaction/TransactionDefinition]
20:20:13.156 [Test worker] DEBUG org.springframework.boot.test.context.SpringBootTestContextBootstrapper - Skipping candidate TestExecutionListener [org.springframework.test.context.jdbc.SqlScriptsTestExecutionListener] due to a missing dependency. Specify custom listener classes or make the default listener classes and their required dependencies available. Offending class: [org/springframework/transaction/interceptor/TransactionAttribute]
20:20:13.157 [Test worker] INFO org.springframework.boot.test.context.SpringBootTestContextBootstrapper - Using TestExecutionListeners: [org.springframework.test.context.web.ServletTestExecutionListener@ab87ab, org.springframework.test.context.support.DirtiesContextBeforeModesTestExecutionListener@3edfd2a8, org.springframework.boot.test.mock.mockito.MockitoTestExecutionListener@36f2206d, org.springframework.boot.test.autoconfigure.SpringBootDependencyInjectionTestExecutionListener@47559b96, org.springframework.test.context.support.DirtiesContextTestExecutionListener@1b9fda08, org.springframework.test.context.event.EventPublishingTestExecutionListener@5b950141, org.springframework.boot.test.autoconfigure.restdocs.RestDocsTestExecutionListener@7cc3b316, org.springframework.boot.test.autoconfigure.web.client.MockRestServiceServerResetTestExecutionListener@17a10e33, org.springframework.boot.test.autoconfigure.web.servlet.MockMvcPrintOnlyOnFailureTestExecutionListener@720bd955, org.springframework.boot.test.autoconfigure.web.servlet.WebDriverTestExecutionListener@167515c, org.springframework.boot.test.autoconfigure.webservices.client.MockWebServiceServerTestExecutionListener@60dd0965, org.springframework.boot.test.mock.mockito.ResetMocksTestExecutionListener@7f1253db]
20:20:13.164 [Test worker] DEBUG org.springframework.test.context.support.AbstractDirtiesContextTestExecutionListener - Before test class: context [DefaultTestContext@73eb1276 testClass = AppgateCalculatorApiApplicationTests, testInstance = [null], testMethod = [null], testException = [null], mergedContextConfiguration = [WebMergedContextConfiguration@3e28da90 testClass = AppgateCalculatorApiApplicationTests, locations = '{}', classes = '{class com.appgate.calculator.AppgateCalculatorApiApplication}', contextInitializerClasses = '[]', activeProfiles = '{}', propertySourceLocations = '{}', propertySourceProperties = '{org.springframework.boot.test.context.SpringBootTestContextBootstrapper=true}', contextCustomizers = set[org.springframework.boot.test.autoconfigure.actuate.metrics.MetricsExportContextCustomizerFactory$DisableMetricExportContextCustomizer@7121ed9f, org.springframework.boot.test.autoconfigure.properties.PropertyMappingContextCustomizer@0, org.springframework.boot.test.autoconfigure.web.servlet.WebDriverContextCustomizerFactory$Customizer@595c2d19, org.springframework.boot.test.context.filter.ExcludeFilterContextCustomizer@71143dfb, org.springframework.boot.test.json.DuplicateJsonObjectContextCustomizerFactory$DuplicateJsonObjectContextCustomizer@589ac90, org.springframework.boot.test.mock.mockito.MockitoContextCustomizer@0, org.springframework.boot.test.web.client.TestRestTemplateContextCustomizer@37a617a5, org.springframework.boot.test.web.reactive.server.WebTestClientContextCustomizer@2916b486, org.springframework.boot.test.context.SpringBootTestArgs@1, org.springframework.boot.test.context.SpringBootTestWebEnvironment@7cc1e858], resourceBasePath = 'src/main/webapp', contextLoader = 'org.springframework.boot.test.context.SpringBootContextLoader', parent = [null]], attributes = map['org.springframework.test.context.web.ServletTestExecutionListener.activateListener' -> true]], class annotated with @DirtiesContext [false] with mode [null].
20:20:13.196 [Test worker] DEBUG org.springframework.test.context.support.TestPropertySourceUtils - Adding inlined properties to environment: {spring.jmx.enabled=false, org.springframework.boot.test.context.SpringBootTestContextBootstrapper=true}

  .   ____          _            __ _ _
 /\\ / ___'_ __ _ _(_)_ __  __ _ \ \ \ \
( ( )\___ | '_ | '_| | '_ \/ _` | \ \ \ \
 \\/  ___)| |_)| | | | | || (_| |  ) ) ) )
  '  |____| .__|_| |_|_| |_\__, | / / / /
 =========|_|==============|___/=/_/_/_/
 :: Spring Boot ::                (v2.4.0)

2020-12-13 20:20:13.919  INFO 2107 --- [    Test worker] a.c.AppgateCalculatorApiApplicationTests : Starting AppgateCalculatorApiApplicationTests using Java 11.0.9 on MacBook-Pro-de-Apple.local with PID 2107 (started by smileit in /Users/smileit/IT/Dev/git/appgate-calculator-api)
2020-12-13 20:20:13.925  INFO 2107 --- [    Test worker] a.c.AppgateCalculatorApiApplicationTests : No active profile set, falling back to default profiles: default
2020-12-13 20:20:16.489  INFO 2107 --- [    Test worker] o.s.s.concurrent.ThreadPoolTaskExecutor  : Initializing ExecutorService 'applicationTaskExecutor'
2020-12-13 20:20:17.123  INFO 2107 --- [    Test worker] o.s.b.a.e.web.EndpointLinksResolver      : Exposing 2 endpoint(s) beneath base path '/actuator'
2020-12-13 20:20:17.219  INFO 2107 --- [    Test worker] a.c.AppgateCalculatorApiApplicationTests : Started AppgateCalculatorApiApplicationTests in 4.009 seconds (JVM running for 7.103)
]]></system-out>
  <system-err><![CDATA[]]></system-err>
</testsuite>
